ARM GAS  /tmp/ccUSCM43.s 			page 1


   1              		.cpu cortex-m7
   2              		.arch armv7e-m
   3              		.fpu fpv5-d16
   4              		.eabi_attribute 28, 1
   5              		.eabi_attribute 23, 1
   6              		.eabi_attribute 24, 1
   7              		.eabi_attribute 25, 1
   8              		.eabi_attribute 26, 1
   9              		.eabi_attribute 30, 2
  10              		.eabi_attribute 34, 1
  11              		.eabi_attribute 18, 4
  12              		.file	"operator.cpp"
  13              		.text
  14              	.Ltext0:
  15              		.cfi_sections	.debug_frame
  16              		.file 1 "operator.cpp"
  17              		.section	.text._ZN8Operator4InitEfb,"ax",%progbits
  18              		.align	1
  19              		.p2align 2,,3
  20              		.global	_ZN8Operator4InitEfb
  21              		.syntax unified
  22              		.thumb
  23              		.thumb_func
  25              	_ZN8Operator4InitEfb:
  26              	.LVL0:
  27              	.LFB4883:
   1:operator.cpp  **** #include "operator.h"
   2:operator.cpp  **** 
   3:operator.cpp  **** using namespace daisysp;
   4:operator.cpp  **** 
   5:operator.cpp  **** 
   6:operator.cpp  **** 
   7:operator.cpp  **** void Operator::Init(float samplerate, bool isCarrier)
   8:operator.cpp  **** {
  28              		.loc 1 8 1 view -0
  29              		.cfi_startproc
  30              		@ args = 0, pretend = 0, frame = 8
  31              		@ frame_needed = 0, uses_anonymous_args = 0
   9:operator.cpp  ****     //init oscillators
  10:operator.cpp  ****     osc_.Init(samplerate);
  32              		.loc 1 10 5 view .LVU1
   8:operator.cpp  ****     //init oscillators
  33              		.loc 1 8 1 is_stmt 0 view .LVU2
  34 0000 10B5     		push	{r4, lr}
  35              		.cfi_def_cfa_offset 8
  36              		.cfi_offset 4, -8
  37              		.cfi_offset 14, -4
  38 0002 2DED028B 		vpush.64	{d8}
  39              		.cfi_def_cfa_offset 16
  40              		.cfi_offset 80, -16
  41              		.cfi_offset 81, -12
  42              	.LBB22:
  43              	.LBB23:
  44              		.file 2 "../../DaisySP/Source/Synthesis/oscillator.h"
   1:../../DaisySP/Source/Synthesis/oscillator.h **** /*
   2:../../DaisySP/Source/Synthesis/oscillator.h **** Copyright (c) 2020 Electrosmith, Corp
   3:../../DaisySP/Source/Synthesis/oscillator.h **** 
ARM GAS  /tmp/ccUSCM43.s 			page 2


   4:../../DaisySP/Source/Synthesis/oscillator.h **** Use of this source code is governed by an MIT-style
   5:../../DaisySP/Source/Synthesis/oscillator.h **** license that can be found in the LICENSE file or at
   6:../../DaisySP/Source/Synthesis/oscillator.h **** https://opensource.org/licenses/MIT.
   7:../../DaisySP/Source/Synthesis/oscillator.h **** */
   8:../../DaisySP/Source/Synthesis/oscillator.h **** 
   9:../../DaisySP/Source/Synthesis/oscillator.h **** #pragma once
  10:../../DaisySP/Source/Synthesis/oscillator.h **** #ifndef DSY_OSCILLATOR_H
  11:../../DaisySP/Source/Synthesis/oscillator.h **** #define DSY_OSCILLATOR_H
  12:../../DaisySP/Source/Synthesis/oscillator.h **** #include <stdint.h>
  13:../../DaisySP/Source/Synthesis/oscillator.h **** #include "Utility/dsp.h"
  14:../../DaisySP/Source/Synthesis/oscillator.h **** #ifdef __cplusplus
  15:../../DaisySP/Source/Synthesis/oscillator.h **** 
  16:../../DaisySP/Source/Synthesis/oscillator.h **** namespace daisysp
  17:../../DaisySP/Source/Synthesis/oscillator.h **** {
  18:../../DaisySP/Source/Synthesis/oscillator.h **** /** Synthesis of several waveforms, including polyBLEP bandlimited waveforms.
  19:../../DaisySP/Source/Synthesis/oscillator.h **** */
  20:../../DaisySP/Source/Synthesis/oscillator.h **** class Oscillator
  21:../../DaisySP/Source/Synthesis/oscillator.h **** {
  22:../../DaisySP/Source/Synthesis/oscillator.h ****   public:
  23:../../DaisySP/Source/Synthesis/oscillator.h ****     Oscillator() {}
  24:../../DaisySP/Source/Synthesis/oscillator.h ****     ~Oscillator() {}
  25:../../DaisySP/Source/Synthesis/oscillator.h ****     /** Choices for output waveforms, POLYBLEP are appropriately labeled. Others are naive forms.
  26:../../DaisySP/Source/Synthesis/oscillator.h ****     */
  27:../../DaisySP/Source/Synthesis/oscillator.h ****     enum
  28:../../DaisySP/Source/Synthesis/oscillator.h ****     {
  29:../../DaisySP/Source/Synthesis/oscillator.h ****         WAVE_SIN,
  30:../../DaisySP/Source/Synthesis/oscillator.h ****         WAVE_TRI,
  31:../../DaisySP/Source/Synthesis/oscillator.h ****         WAVE_SAW,
  32:../../DaisySP/Source/Synthesis/oscillator.h ****         WAVE_RAMP,
  33:../../DaisySP/Source/Synthesis/oscillator.h ****         WAVE_SQUARE,
  34:../../DaisySP/Source/Synthesis/oscillator.h ****         WAVE_POLYBLEP_TRI,
  35:../../DaisySP/Source/Synthesis/oscillator.h ****         WAVE_POLYBLEP_SAW,
  36:../../DaisySP/Source/Synthesis/oscillator.h ****         WAVE_POLYBLEP_SQUARE,
  37:../../DaisySP/Source/Synthesis/oscillator.h ****         WAVE_LAST,
  38:../../DaisySP/Source/Synthesis/oscillator.h ****     };
  39:../../DaisySP/Source/Synthesis/oscillator.h **** 
  40:../../DaisySP/Source/Synthesis/oscillator.h **** 
  41:../../DaisySP/Source/Synthesis/oscillator.h ****     /** Initializes the Oscillator
  42:../../DaisySP/Source/Synthesis/oscillator.h **** 
  43:../../DaisySP/Source/Synthesis/oscillator.h ****         \param sample_rate - sample rate of the audio engine being run, and the frequency that the 
  44:../../DaisySP/Source/Synthesis/oscillator.h **** 
  45:../../DaisySP/Source/Synthesis/oscillator.h ****         Defaults:
  46:../../DaisySP/Source/Synthesis/oscillator.h ****         - freq_ = 100 Hz
  47:../../DaisySP/Source/Synthesis/oscillator.h ****         - amp_ = 0.5
  48:../../DaisySP/Source/Synthesis/oscillator.h ****         - waveform_ = sine wave.
  49:../../DaisySP/Source/Synthesis/oscillator.h ****     */
  50:../../DaisySP/Source/Synthesis/oscillator.h ****     void Init(float sample_rate)
  51:../../DaisySP/Source/Synthesis/oscillator.h ****     {
  52:../../DaisySP/Source/Synthesis/oscillator.h ****         sr_        = sample_rate;
  53:../../DaisySP/Source/Synthesis/oscillator.h ****         sr_recip_  = 1.0f / sample_rate;
  45              		.loc 2 53 27 view .LVU3
  46 0006 B7EE008A 		vmov.f32	s16, #1.0e+0
  54:../../DaisySP/Source/Synthesis/oscillator.h ****         freq_      = 100.0f;
  55:../../DaisySP/Source/Synthesis/oscillator.h ****         amp_       = 0.5f;
  47              		.loc 2 55 20 view .LVU4
  48 000a 4FF07C53 		mov	r3, #1056964608
  49              	.LVL1:
ARM GAS  /tmp/ccUSCM43.s 			page 3


  50              		.loc 2 55 20 view .LVU5
  51              	.LBE23:
  52              	.LBI22:
  50:../../DaisySP/Source/Synthesis/oscillator.h ****     {
  53              		.loc 2 50 10 is_stmt 1 view .LVU6
  54              	.LBB24:
  52:../../DaisySP/Source/Synthesis/oscillator.h ****         sr_recip_  = 1.0f / sample_rate;
  55              		.loc 2 52 9 view .LVU7
  54:../../DaisySP/Source/Synthesis/oscillator.h ****         freq_      = 100.0f;
  56              		.loc 2 54 20 is_stmt 0 view .LVU8
  57 000e DFED1A7A 		vldr.32	s15, .L4
  56:../../DaisySP/Source/Synthesis/oscillator.h ****         pw_        = 0.5f;
  57:../../DaisySP/Source/Synthesis/oscillator.h ****         phase_     = 0.0f;
  58              		.loc 2 57 20 view .LVU9
  59 0012 0024     		movs	r4, #0
  60              	.LBE24:
  61              	.LBE22:
   8:operator.cpp  ****     //init oscillators
  62              		.loc 1 8 1 view .LVU10
  63 0014 82B0     		sub	sp, sp, #8
  64              		.cfi_def_cfa_offset 24
  65              	.LBB30:
  66              	.LBB25:
  52:../../DaisySP/Source/Synthesis/oscillator.h ****         sr_recip_  = 1.0f / sample_rate;
  67              		.loc 2 52 20 view .LVU11
  68 0016 80ED040A 		vstr.32	s0, [r0, #16]
  53:../../DaisySP/Source/Synthesis/oscillator.h ****         freq_      = 100.0f;
  69              		.loc 2 53 9 is_stmt 1 view .LVU12
  53:../../DaisySP/Source/Synthesis/oscillator.h ****         freq_      = 100.0f;
  70              		.loc 2 53 27 is_stmt 0 view .LVU13
  71 001a 88EE007A 		vdiv.f32	s14, s16, s0
  54:../../DaisySP/Source/Synthesis/oscillator.h ****         amp_       = 0.5f;
  72              		.loc 2 54 20 view .LVU14
  73 001e C0ED027A 		vstr.32	s15, [r0, #8]
  55:../../DaisySP/Source/Synthesis/oscillator.h ****         pw_        = 0.5f;
  74              		.loc 2 55 20 view .LVU15
  75 0022 4360     		str	r3, [r0, #4]	@ float
  56:../../DaisySP/Source/Synthesis/oscillator.h ****         phase_     = 0.0f;
  76              		.loc 2 56 20 view .LVU16
  77 0024 C360     		str	r3, [r0, #12]	@ float
  78              		.loc 2 57 20 view .LVU17
  79 0026 8461     		str	r4, [r0, #24]	@ float
  80              	.LBE25:
  81              	.LBE30:
   8:operator.cpp  ****     //init oscillators
  82              		.loc 1 8 1 view .LVU18
  83 0028 0191     		str	r1, [sp, #4]
  84              	.LBB31:
  85              	.LBB26:
  58:../../DaisySP/Source/Synthesis/oscillator.h ****         phase_inc_ = CalcPhaseInc(freq_);
  86              		.loc 2 58 34 view .LVU19
  87 002a B0EE670A 		vmov.f32	s0, s15
  88              	.LVL2:
  53:../../DaisySP/Source/Synthesis/oscillator.h ****         freq_      = 100.0f;
  89              		.loc 2 53 20 view .LVU20
  90 002e 0090     		str	r0, [sp]
  54:../../DaisySP/Source/Synthesis/oscillator.h ****         amp_       = 0.5f;
ARM GAS  /tmp/ccUSCM43.s 			page 4


  91              		.loc 2 54 9 is_stmt 1 view .LVU21
  55:../../DaisySP/Source/Synthesis/oscillator.h ****         pw_        = 0.5f;
  92              		.loc 2 55 9 view .LVU22
  56:../../DaisySP/Source/Synthesis/oscillator.h ****         phase_     = 0.0f;
  93              		.loc 2 56 9 view .LVU23
  57:../../DaisySP/Source/Synthesis/oscillator.h ****         phase_inc_ = CalcPhaseInc(freq_);
  94              		.loc 2 57 9 view .LVU24
  95              		.loc 2 58 9 view .LVU25
  53:../../DaisySP/Source/Synthesis/oscillator.h ****         freq_      = 100.0f;
  96              		.loc 2 53 20 is_stmt 0 view .LVU26
  97 0030 80ED057A 		vstr.32	s14, [r0, #20]
  98              		.loc 2 58 34 view .LVU27
  99 0034 FFF7FEFF 		bl	_ZN7daisysp10Oscillator12CalcPhaseIncEf
 100              	.LVL3:
 101              		.loc 2 58 34 view .LVU28
 102              	.LBE26:
 103              	.LBE31:
  11:operator.cpp  **** 
  12:operator.cpp  ****     lfreq_ = freq_ = 440.f;
  13:operator.cpp  ****     lratio_ = ratio_ = 2.f;
 104              		.loc 1 13 22 view .LVU29
 105 0038 4FF08043 		mov	r3, #1073741824
  12:operator.cpp  ****     lratio_ = ratio_ = 2.f;
 106              		.loc 1 12 20 view .LVU30
 107 003c 0F4A     		ldr	r2, .L4+4
 108              	.LBB32:
 109              	.LBB27:
  59:../../DaisySP/Source/Synthesis/oscillator.h ****         waveform_  = WAVE_SIN;
 110              		.loc 2 59 20 view .LVU31
 111 003e 4FF0000C 		mov	ip, #0
 112              	.LBE27:
 113              	.LBE32:
  14:operator.cpp  ****     SetFrequency(lfreq_);
  15:operator.cpp  ****     SetRatio(lratio_);
  16:operator.cpp  **** 
  17:operator.cpp  ****     llevel_ = level_ = 1.0;
  18:operator.cpp  ****     osc_.SetAmp(llevel_);
  19:operator.cpp  **** 
  20:operator.cpp  ****     osc_.SetWaveform(Oscillator::WAVE_SIN);
  21:operator.cpp  **** 
  22:operator.cpp  ****     iscarrier_ = isCarrier;
 114              		.loc 1 22 16 view .LVU32
 115 0042 DDE90001 		ldrd	r0, r1, [sp]
 116 0046 80F84410 		strb	r1, [r0, #68]
 117              	.LBB33:
 118              	.LBB28:
  60:../../DaisySP/Source/Synthesis/oscillator.h ****         eoc_       = true;
  61:../../DaisySP/Source/Synthesis/oscillator.h ****         eor_       = true;
 119              		.loc 2 61 20 view .LVU33
 120 004a 40F20111 		movw	r1, #257
  59:../../DaisySP/Source/Synthesis/oscillator.h ****         eoc_       = true;
 121              		.loc 2 59 20 view .LVU34
 122 004e 80F800C0 		strb	ip, [r0]
  58:../../DaisySP/Source/Synthesis/oscillator.h ****         waveform_  = WAVE_SIN;
 123              		.loc 2 58 20 discriminator 1 view .LVU35
 124 0052 80ED070A 		vstr.32	s0, [r0, #28]
  59:../../DaisySP/Source/Synthesis/oscillator.h ****         eoc_       = true;
ARM GAS  /tmp/ccUSCM43.s 			page 5


 125              		.loc 2 59 9 is_stmt 1 view .LVU36
  60:../../DaisySP/Source/Synthesis/oscillator.h ****         eoc_       = true;
 126              		.loc 2 60 9 view .LVU37
 127              		.loc 2 61 9 view .LVU38
 128              	.LBE28:
 129              	.LBE33:
  23:operator.cpp  **** 
  24:operator.cpp  ****     modval_ = 0.0;
 130              		.loc 1 24 13 is_stmt 0 view .LVU39
 131 0056 8464     		str	r4, [r0, #72]	@ float
 132              	.LBB34:
 133              	.LBB29:
 134              		.loc 2 61 20 view .LVU40
 135 0058 0185     		strh	r1, [r0, #40]	@ movhi
 136              	.LVL4:
 137              		.loc 2 61 20 view .LVU41
 138              	.LBE29:
 139              	.LBE34:
  12:operator.cpp  ****     lratio_ = ratio_ = 2.f;
 140              		.loc 1 12 5 is_stmt 1 view .LVU42
  12:operator.cpp  ****     lratio_ = ratio_ = 2.f;
 141              		.loc 1 12 20 is_stmt 0 view .LVU43
 142 005a 4263     		str	r2, [r0, #52]	@ float
  12:operator.cpp  ****     lratio_ = ratio_ = 2.f;
 143              		.loc 1 12 12 view .LVU44
 144 005c 8263     		str	r2, [r0, #56]	@ float
  13:operator.cpp  ****     SetFrequency(lfreq_);
 145              		.loc 1 13 5 is_stmt 1 view .LVU45
  13:operator.cpp  ****     SetFrequency(lfreq_);
 146              		.loc 1 13 22 is_stmt 0 view .LVU46
 147 005e C363     		str	r3, [r0, #60]	@ float
  13:operator.cpp  ****     SetFrequency(lfreq_);
 148              		.loc 1 13 13 view .LVU47
 149 0060 0364     		str	r3, [r0, #64]	@ float
  14:operator.cpp  ****     SetRatio(lratio_);
 150              		.loc 1 14 5 is_stmt 1 view .LVU48
  15:operator.cpp  **** 
 151              		.loc 1 15 5 view .LVU49
  17:operator.cpp  ****     osc_.SetAmp(llevel_);
 152              		.loc 1 17 5 view .LVU50
  17:operator.cpp  ****     osc_.SetAmp(llevel_);
 153              		.loc 1 17 22 is_stmt 0 view .LVU51
 154 0062 80ED0B8A 		vstr.32	s16, [r0, #44]
  17:operator.cpp  ****     osc_.SetAmp(llevel_);
 155              		.loc 1 17 13 view .LVU52
 156 0066 80ED0C8A 		vstr.32	s16, [r0, #48]
  18:operator.cpp  **** 
 157              		.loc 1 18 5 is_stmt 1 view .LVU53
 158              	.LVL5:
 159              	.LBB35:
 160              	.LBI35:
  62:../../DaisySP/Source/Synthesis/oscillator.h ****     }
  63:../../DaisySP/Source/Synthesis/oscillator.h **** 
  64:../../DaisySP/Source/Synthesis/oscillator.h **** 
  65:../../DaisySP/Source/Synthesis/oscillator.h ****     /** Changes the frequency of the Oscillator, and recalculates phase increment.
  66:../../DaisySP/Source/Synthesis/oscillator.h ****     */
  67:../../DaisySP/Source/Synthesis/oscillator.h ****     inline void SetFreq(const float f)
ARM GAS  /tmp/ccUSCM43.s 			page 6


  68:../../DaisySP/Source/Synthesis/oscillator.h ****     {
  69:../../DaisySP/Source/Synthesis/oscillator.h ****         freq_      = f;
  70:../../DaisySP/Source/Synthesis/oscillator.h ****         phase_inc_ = CalcPhaseInc(f);
  71:../../DaisySP/Source/Synthesis/oscillator.h ****     }
  72:../../DaisySP/Source/Synthesis/oscillator.h **** 
  73:../../DaisySP/Source/Synthesis/oscillator.h **** 
  74:../../DaisySP/Source/Synthesis/oscillator.h ****     /** Sets the amplitude of the waveform.
  75:../../DaisySP/Source/Synthesis/oscillator.h ****     */
  76:../../DaisySP/Source/Synthesis/oscillator.h ****     inline void SetAmp(const float a) { amp_ = a; }
 161              		.loc 2 76 17 view .LVU54
 162              	.LBB36:
 163              		.loc 2 76 41 view .LVU55
 164              		.loc 2 76 46 is_stmt 0 view .LVU56
 165 006a 80ED018A 		vstr.32	s16, [r0, #4]
 166              	.LVL6:
 167              		.loc 2 76 46 view .LVU57
 168              	.LBE36:
 169              	.LBE35:
  20:operator.cpp  **** 
 170              		.loc 1 20 5 is_stmt 1 view .LVU58
  22:operator.cpp  **** 
 171              		.loc 1 22 5 view .LVU59
 172              		.loc 1 24 5 view .LVU60
  25:operator.cpp  **** 
  26:operator.cpp  **** }
 173              		.loc 1 26 1 is_stmt 0 view .LVU61
 174 006e 02B0     		add	sp, sp, #8
 175              		.cfi_def_cfa_offset 16
 176              	.LVL7:
 177              		.loc 1 26 1 view .LVU62
 178              		@ sp needed
 179 0070 BDEC028B 		vldm	sp!, {d8}
 180              		.cfi_restore 80
 181              		.cfi_restore 81
 182              		.cfi_def_cfa_offset 8
 183 0074 10BD     		pop	{r4, pc}
 184              	.LVL8:
 185              	.L5:
 186              		.loc 1 26 1 view .LVU63
 187 0076 00BF     		.align	2
 188              	.L4:
 189 0078 0000C842 		.word	1120403456
 190 007c 0000DC43 		.word	1138491392
 191              		.cfi_endproc
 192              	.LFE4883:
 194              		.section	.text._ZN8Operator7ProcessEv,"ax",%progbits
 195              		.align	1
 196              		.p2align 2,,3
 197              		.global	_ZN8Operator7ProcessEv
 198              		.syntax unified
 199              		.thumb
 200              		.thumb_func
 202              	_ZN8Operator7ProcessEv:
 203              	.LVL9:
 204              	.LFB4884:
  27:operator.cpp  **** 
  28:operator.cpp  **** float Operator::Process()
ARM GAS  /tmp/ccUSCM43.s 			page 7


  29:operator.cpp  **** {
 205              		.loc 1 29 1 is_stmt 1 view -0
 206              		.cfi_startproc
 207              		@ args = 0, pretend = 0, frame = 0
 208              		@ frame_needed = 0, uses_anonymous_args = 0
  30:operator.cpp  ****     if(lratio_ != ratio_ || lfreq_ != freq_)
 209              		.loc 1 30 5 view .LVU65
 210              		.loc 1 30 19 is_stmt 0 view .LVU66
 211 0000 D0ED0F7A 		vldr.32	s15, [r0, #60]
 212              		.loc 1 30 5 view .LVU67
 213 0004 D0ED106A 		vldr.32	s13, [r0, #64]
 214              		.loc 1 30 39 discriminator 1 view .LVU68
 215 0008 90ED0D7A 		vldr.32	s14, [r0, #52]
 216              		.loc 1 30 5 view .LVU69
 217 000c F4EE676A 		vcmp.f32	s13, s15
  29:operator.cpp  ****     if(lratio_ != ratio_ || lfreq_ != freq_)
 218              		.loc 1 29 1 view .LVU70
 219 0010 10B5     		push	{r4, lr}
 220              		.cfi_def_cfa_offset 8
 221              		.cfi_offset 4, -8
 222              		.cfi_offset 14, -4
 223              		.loc 1 30 5 view .LVU71
 224 0012 F1EE10FA 		vmrs	APSR_nzcv, FPSCR
  29:operator.cpp  ****     if(lratio_ != ratio_ || lfreq_ != freq_)
 225              		.loc 1 29 1 view .LVU72
 226 0016 0446     		mov	r4, r0
 227              		.loc 1 30 5 view .LVU73
 228 0018 26D1     		bne	.L7
 229              		.loc 1 30 26 discriminator 1 view .LVU74
 230 001a D0ED0E6A 		vldr.32	s13, [r0, #56]
 231 001e F4EE476A 		vcmp.f32	s13, s14
 232 0022 F1EE10FA 		vmrs	APSR_nzcv, FPSCR
 233 0026 1FD1     		bne	.L7
 234              	.LVL10:
 235              	.L8:
  31:operator.cpp  ****     {
  32:operator.cpp  ****         lratio_ = ratio_;
  33:operator.cpp  ****         lfreq_  = freq_;
  34:operator.cpp  ****         osc_.SetFreq(lfreq_ * lratio_);
  35:operator.cpp  ****     }
  36:operator.cpp  **** 
  37:operator.cpp  ****     if (llevel_ != level_) {
 236              		.loc 1 37 5 is_stmt 1 view .LVU75
 237              		.loc 1 37 20 is_stmt 0 view .LVU76
 238 0028 D4ED0B7A 		vldr.32	s15, [r4, #44]
 239              		.loc 1 37 5 view .LVU77
 240 002c 94ED0C7A 		vldr.32	s14, [r4, #48]
 241 0030 B4EE677A 		vcmp.f32	s14, s15
 242 0034 F1EE10FA 		vmrs	APSR_nzcv, FPSCR
 243 0038 03D0     		beq	.L9
  38:operator.cpp  ****         llevel_ = level_;
 244              		.loc 1 38 9 is_stmt 1 view .LVU78
 245              		.loc 1 38 17 is_stmt 0 view .LVU79
 246 003a C4ED0C7A 		vstr.32	s15, [r4, #48]
  39:operator.cpp  ****         osc_.SetAmp(llevel_);
 247              		.loc 1 39 9 is_stmt 1 view .LVU80
 248              	.LVL11:
ARM GAS  /tmp/ccUSCM43.s 			page 8


 249              	.LBB37:
 250              	.LBI37:
 251              		.loc 2 76 17 view .LVU81
 252              	.LBB38:
 253              		.loc 2 76 41 view .LVU82
 254              		.loc 2 76 46 is_stmt 0 view .LVU83
 255 003e C4ED017A 		vstr.32	s15, [r4, #4]
 256              	.LVL12:
 257              	.L9:
 258              		.loc 2 76 46 view .LVU84
 259              	.LBE38:
 260              	.LBE37:
  40:operator.cpp  ****     }
  41:operator.cpp  **** 
  42:operator.cpp  ****     if (iscarrier_)
 261              		.loc 1 42 5 is_stmt 1 view .LVU85
 262 0042 94F84430 		ldrb	r3, [r4, #68]	@ zero_extendqisi2
 263 0046 3BB1     		cbz	r3, .L10
  43:operator.cpp  ****         osc_.PhaseAdd(modval_);
 264              		.loc 1 43 9 view .LVU86
 265              	.LVL13:
 266              	.LBB39:
 267              	.LBI39:
  77:../../DaisySP/Source/Synthesis/oscillator.h ****     /** Sets the waveform to be synthesized by the Process() function.
  78:../../DaisySP/Source/Synthesis/oscillator.h ****     */
  79:../../DaisySP/Source/Synthesis/oscillator.h ****     inline void SetWaveform(const uint8_t wf)
  80:../../DaisySP/Source/Synthesis/oscillator.h ****     {
  81:../../DaisySP/Source/Synthesis/oscillator.h ****         waveform_ = wf < WAVE_LAST ? wf : WAVE_SIN;
  82:../../DaisySP/Source/Synthesis/oscillator.h ****     }
  83:../../DaisySP/Source/Synthesis/oscillator.h ****     /** Sets the pulse width for WAVE_SQUARE and WAVE_POLYBLEP_SQUARE (range 0 - 1)
  84:../../DaisySP/Source/Synthesis/oscillator.h ****      */
  85:../../DaisySP/Source/Synthesis/oscillator.h ****     inline void SetPw(const float pw) { pw_ = fclamp(pw, 0.0f, 1.0f); }
  86:../../DaisySP/Source/Synthesis/oscillator.h **** 
  87:../../DaisySP/Source/Synthesis/oscillator.h ****     /** Returns true if cycle is at end of rise. Set during call to Process.
  88:../../DaisySP/Source/Synthesis/oscillator.h ****     */
  89:../../DaisySP/Source/Synthesis/oscillator.h ****     inline bool IsEOR() { return eor_; }
  90:../../DaisySP/Source/Synthesis/oscillator.h **** 
  91:../../DaisySP/Source/Synthesis/oscillator.h ****     /** Returns true if cycle is at end of cycle. Set during call to Process.
  92:../../DaisySP/Source/Synthesis/oscillator.h ****     */
  93:../../DaisySP/Source/Synthesis/oscillator.h ****     inline bool IsEOC() { return eoc_; }
  94:../../DaisySP/Source/Synthesis/oscillator.h **** 
  95:../../DaisySP/Source/Synthesis/oscillator.h ****     /** Returns true if cycle rising.
  96:../../DaisySP/Source/Synthesis/oscillator.h ****     */
  97:../../DaisySP/Source/Synthesis/oscillator.h ****     inline bool IsRising() { return phase_ < 0.5f; }
  98:../../DaisySP/Source/Synthesis/oscillator.h **** 
  99:../../DaisySP/Source/Synthesis/oscillator.h ****     /** Returns true if cycle falling.
 100:../../DaisySP/Source/Synthesis/oscillator.h ****     */
 101:../../DaisySP/Source/Synthesis/oscillator.h ****     inline bool IsFalling() { return phase_ >= 0.5f; }
 102:../../DaisySP/Source/Synthesis/oscillator.h **** 
 103:../../DaisySP/Source/Synthesis/oscillator.h ****     /** Processes the waveform to be generated, returning one sample. This should be called once pe
 104:../../DaisySP/Source/Synthesis/oscillator.h ****     */
 105:../../DaisySP/Source/Synthesis/oscillator.h ****     float Process();
 106:../../DaisySP/Source/Synthesis/oscillator.h **** 
 107:../../DaisySP/Source/Synthesis/oscillator.h **** 
 108:../../DaisySP/Source/Synthesis/oscillator.h ****     /** Adds a value 0.0-1.0 (equivalent to 0.0-TWO_PI) to the current phase. Useful for PM and "FM
 109:../../DaisySP/Source/Synthesis/oscillator.h ****     */
 110:../../DaisySP/Source/Synthesis/oscillator.h ****     void PhaseAdd(float _phase) { phase_ += _phase; }
ARM GAS  /tmp/ccUSCM43.s 			page 9


 268              		.loc 2 110 10 view .LVU87
 269              	.LBB40:
 270              		.loc 2 110 35 view .LVU88
 271              		.loc 2 110 42 is_stmt 0 view .LVU89
 272 0048 D4ED067A 		vldr.32	s15, [r4, #24]
 273 004c 94ED127A 		vldr.32	s14, [r4, #72]
 274 0050 77EE877A 		vadd.f32	s15, s15, s14
 275 0054 C4ED067A 		vstr.32	s15, [r4, #24]
 276              	.LVL14:
 277              	.L10:
 278              		.loc 2 110 42 view .LVU90
 279              	.LBE40:
 280              	.LBE39:
  44:operator.cpp  **** 
  45:operator.cpp  ****     // Return the processed oscillator, scaled by the velocity of the keystroke
  46:operator.cpp  ****     return osc_.Process() * velocity_amp_;
 281              		.loc 1 46 5 is_stmt 1 view .LVU91
 282              		.loc 1 46 24 is_stmt 0 view .LVU92
 283 0058 2046     		mov	r0, r4
 284 005a FFF7FEFF 		bl	_ZN7daisysp10Oscillator7ProcessEv
 285              	.LVL15:
 286              		.loc 1 46 29 discriminator 1 view .LVU93
 287 005e D4ED147A 		vldr.32	s15, [r4, #80]
  47:operator.cpp  **** }
 288              		.loc 1 47 1 view .LVU94
 289 0062 20EE270A 		vmul.f32	s0, s0, s15
 290 0066 10BD     		pop	{r4, pc}
 291              	.LVL16:
 292              	.L7:
  32:operator.cpp  ****         lfreq_  = freq_;
 293              		.loc 1 32 9 is_stmt 1 view .LVU95
  34:operator.cpp  ****     }
 294              		.loc 1 34 21 is_stmt 0 view .LVU96
 295 0068 27EE870A 		vmul.f32	s0, s15, s14
 296              	.LBB41:
 297              	.LBB42:
  70:../../DaisySP/Source/Synthesis/oscillator.h ****     }
 298              		.loc 2 70 34 view .LVU97
 299 006c 2046     		mov	r0, r4
 300              	.LVL17:
  70:../../DaisySP/Source/Synthesis/oscillator.h ****     }
 301              		.loc 2 70 34 view .LVU98
 302              	.LBE42:
 303              	.LBE41:
  32:operator.cpp  ****         lfreq_  = freq_;
 304              		.loc 1 32 17 view .LVU99
 305 006e C4ED107A 		vstr.32	s15, [r4, #64]
  33:operator.cpp  ****         osc_.SetFreq(lfreq_ * lratio_);
 306              		.loc 1 33 9 is_stmt 1 view .LVU100
  33:operator.cpp  ****         osc_.SetFreq(lfreq_ * lratio_);
 307              		.loc 1 33 17 is_stmt 0 view .LVU101
 308 0072 84ED0E7A 		vstr.32	s14, [r4, #56]
  34:operator.cpp  ****     }
 309              		.loc 1 34 9 is_stmt 1 view .LVU102
 310              	.LVL18:
 311              	.LBB44:
 312              	.LBI41:
ARM GAS  /tmp/ccUSCM43.s 			page 10


  67:../../DaisySP/Source/Synthesis/oscillator.h ****     {
 313              		.loc 2 67 17 view .LVU103
 314              	.LBB43:
  69:../../DaisySP/Source/Synthesis/oscillator.h ****         phase_inc_ = CalcPhaseInc(f);
 315              		.loc 2 69 9 view .LVU104
  69:../../DaisySP/Source/Synthesis/oscillator.h ****         phase_inc_ = CalcPhaseInc(f);
 316              		.loc 2 69 20 is_stmt 0 view .LVU105
 317 0076 84ED020A 		vstr.32	s0, [r4, #8]
  70:../../DaisySP/Source/Synthesis/oscillator.h ****     }
 318              		.loc 2 70 9 is_stmt 1 view .LVU106
  70:../../DaisySP/Source/Synthesis/oscillator.h ****     }
 319              		.loc 2 70 34 is_stmt 0 view .LVU107
 320 007a FFF7FEFF 		bl	_ZN7daisysp10Oscillator12CalcPhaseIncEf
 321              	.LVL19:
  70:../../DaisySP/Source/Synthesis/oscillator.h ****     }
 322              		.loc 2 70 20 discriminator 1 view .LVU108
 323 007e 84ED070A 		vstr.32	s0, [r4, #28]
 324              	.LVL20:
  71:../../DaisySP/Source/Synthesis/oscillator.h **** 
 325              		.loc 2 71 5 view .LVU109
 326 0082 D1E7     		b	.L8
 327              	.LBE43:
 328              	.LBE44:
 329              		.cfi_endproc
 330              	.LFE4884:
 332              		.section	.text._ZN8Operator12SetFrequencyEf,"ax",%progbits
 333              		.align	1
 334              		.p2align 2,,3
 335              		.global	_ZN8Operator12SetFrequencyEf
 336              		.syntax unified
 337              		.thumb
 338              		.thumb_func
 340              	_ZN8Operator12SetFrequencyEf:
 341              	.LVL21:
 342              	.LFB4885:
  48:operator.cpp  **** 
  49:operator.cpp  **** void Operator::SetFrequency(float freq) ///Currently unused
  50:operator.cpp  **** {
 343              		.loc 1 50 1 is_stmt 1 view -0
 344              		.cfi_startproc
 345              		@ args = 0, pretend = 0, frame = 0
 346              		@ frame_needed = 0, uses_anonymous_args = 0
 347              		@ link register save eliminated.
  51:operator.cpp  ****     freq_ = fabsf(freq);
 348              		.loc 1 51 5 view .LVU111
 349              		.loc 1 51 18 is_stmt 0 view .LVU112
 350 0000 B0EEC00A 		vabs.f32	s0, s0
 351              	.LVL22:
 352              		.loc 1 51 11 view .LVU113
 353 0004 80ED0D0A 		vstr.32	s0, [r0, #52]
  52:operator.cpp  **** }
 354              		.loc 1 52 1 view .LVU114
 355 0008 7047     		bx	lr
 356              		.cfi_endproc
 357              	.LFE4885:
 359 000a 00BF     		.section	.text._ZN8Operator8SetRatioEf,"ax",%progbits
 360              		.align	1
ARM GAS  /tmp/ccUSCM43.s 			page 11


 361              		.p2align 2,,3
 362              		.global	_ZN8Operator8SetRatioEf
 363              		.syntax unified
 364              		.thumb
 365              		.thumb_func
 367              	_ZN8Operator8SetRatioEf:
 368              	.LVL23:
 369              	.LFB4886:
  53:operator.cpp  **** 
  54:operator.cpp  **** void Operator::SetRatio(float ratio)
  55:operator.cpp  **** {
 370              		.loc 1 55 1 is_stmt 1 view -0
 371              		.cfi_startproc
 372              		@ args = 0, pretend = 0, frame = 0
 373              		@ frame_needed = 0, uses_anonymous_args = 0
 374              		@ link register save eliminated.
  56:operator.cpp  ****     ratio_ = fabsf(ratio);
 375              		.loc 1 56 5 view .LVU116
 376              		.loc 1 56 19 is_stmt 0 view .LVU117
 377 0000 B0EEC00A 		vabs.f32	s0, s0
 378              	.LVL24:
 379              		.loc 1 56 12 view .LVU118
 380 0004 80ED0F0A 		vstr.32	s0, [r0, #60]
  57:operator.cpp  **** }
 381              		.loc 1 57 1 view .LVU119
 382 0008 7047     		bx	lr
 383              		.cfi_endproc
 384              	.LFE4886:
 386 000a 00BF     		.section	.text._ZN8Operator8SetLevelEf,"ax",%progbits
 387              		.align	1
 388              		.p2align 2,,3
 389              		.global	_ZN8Operator8SetLevelEf
 390              		.syntax unified
 391              		.thumb
 392              		.thumb_func
 394              	_ZN8Operator8SetLevelEf:
 395              	.LVL25:
 396              	.LFB4887:
  58:operator.cpp  **** 
  59:operator.cpp  **** void Operator::SetLevel(float level)
  60:operator.cpp  **** {
 397              		.loc 1 60 1 is_stmt 1 view -0
 398              		.cfi_startproc
 399              		@ args = 0, pretend = 0, frame = 0
 400              		@ frame_needed = 0, uses_anonymous_args = 0
 401              		@ link register save eliminated.
  61:operator.cpp  ****     level_ = fabsf(level);
 402              		.loc 1 61 5 view .LVU121
 403              		.loc 1 61 19 is_stmt 0 view .LVU122
 404 0000 B0EEC00A 		vabs.f32	s0, s0
 405              	.LVL26:
 406              		.loc 1 61 12 view .LVU123
 407 0004 80ED0B0A 		vstr.32	s0, [r0, #44]
  62:operator.cpp  **** }
 408              		.loc 1 62 1 view .LVU124
 409 0008 7047     		bx	lr
 410              		.cfi_endproc
ARM GAS  /tmp/ccUSCM43.s 			page 12


 411              	.LFE4887:
 413 000a 00BF     		.section	.text._ZN8Operator13setPhaseInputEf,"ax",%progbits
 414              		.align	1
 415              		.p2align 2,,3
 416              		.global	_ZN8Operator13setPhaseInputEf
 417              		.syntax unified
 418              		.thumb
 419              		.thumb_func
 421              	_ZN8Operator13setPhaseInputEf:
 422              	.LVL27:
 423              	.LFB4888:
  63:operator.cpp  **** 
  64:operator.cpp  **** void Operator::setPhaseInput(float modval)
  65:operator.cpp  **** {
 424              		.loc 1 65 1 is_stmt 1 view -0
 425              		.cfi_startproc
 426              		@ args = 0, pretend = 0, frame = 0
 427              		@ frame_needed = 0, uses_anonymous_args = 0
 428              		@ link register save eliminated.
  66:operator.cpp  ****     modval_ = modval;
 429              		.loc 1 66 5 view .LVU126
 430              		.loc 1 66 13 is_stmt 0 view .LVU127
 431 0000 80ED120A 		vstr.32	s0, [r0, #72]
  67:operator.cpp  **** }
 432              		.loc 1 67 1 view .LVU128
 433 0004 7047     		bx	lr
 434              		.cfi_endproc
 435              	.LFE4888:
 437 0006 00BF     		.section	.text._ZN8Operator5ResetEv,"ax",%progbits
 438              		.align	1
 439              		.p2align 2,,3
 440              		.global	_ZN8Operator5ResetEv
 441              		.syntax unified
 442              		.thumb
 443              		.thumb_func
 445              	_ZN8Operator5ResetEv:
 446              	.LVL28:
 447              	.LFB4889:
  68:operator.cpp  **** 
  69:operator.cpp  **** 
  70:operator.cpp  **** void Operator::Reset()
  71:operator.cpp  **** {
 448              		.loc 1 71 1 is_stmt 1 view -0
 449              		.cfi_startproc
 450              		@ args = 0, pretend = 0, frame = 0
 451              		@ frame_needed = 0, uses_anonymous_args = 0
 452              		@ link register save eliminated.
  72:operator.cpp  ****     osc_.Reset();
 453              		.loc 1 72 5 view .LVU130
 454              	.LBB45:
 455              	.LBI45:
 111:../../DaisySP/Source/Synthesis/oscillator.h ****     /** Resets the phase to the input argument. If no argumeNt is present, it will reset phase to 0
 112:../../DaisySP/Source/Synthesis/oscillator.h ****     */
 113:../../DaisySP/Source/Synthesis/oscillator.h ****     void Reset(float _phase = 0.0f) { phase_ = _phase; }
 456              		.loc 2 113 10 view .LVU131
 457              	.LBB46:
 458              		.loc 2 113 39 view .LVU132
ARM GAS  /tmp/ccUSCM43.s 			page 13


 459              		.loc 2 113 46 is_stmt 0 view .LVU133
 460 0000 0023     		movs	r3, #0
 461 0002 8361     		str	r3, [r0, #24]	@ float
 462              	.LVL29:
 463              		.loc 2 113 46 view .LVU134
 464              	.LBE46:
 465              	.LBE45:
  73:operator.cpp  **** }
 466              		.loc 1 73 1 view .LVU135
 467 0004 7047     		bx	lr
 468              		.cfi_endproc
 469              	.LFE4889:
 471 0006 00BF     		.section	.text._ZN8Operator8OnNoteOnEff,"ax",%progbits
 472              		.align	1
 473              		.p2align 2,,3
 474              		.global	_ZN8Operator8OnNoteOnEff
 475              		.syntax unified
 476              		.thumb
 477              		.thumb_func
 479              	_ZN8Operator8OnNoteOnEff:
 480              	.LVL30:
 481              	.LFB4890:
  74:operator.cpp  **** 
  75:operator.cpp  **** void Operator::OnNoteOn(float note, float velocity)
  76:operator.cpp  **** {
 482              		.loc 1 76 1 is_stmt 1 view -0
 483              		.cfi_startproc
 484              		@ args = 0, pretend = 0, frame = 8
 485              		@ frame_needed = 0, uses_anonymous_args = 0
  77:operator.cpp  ****     velocity_ = velocity;
 486              		.loc 1 77 5 view .LVU137
  78:operator.cpp  ****     velocity_amp_ = velocity_ / 127.f;
 487              		.loc 1 78 31 is_stmt 0 view .LVU138
 488 0000 DFED0F7A 		vldr.32	s15, .L22
 489              	.LBB47:
 490              	.LBB48:
 491              		.file 3 "../../DaisySP/Source/Utility/dsp.h"
   1:../../DaisySP/Source/Utility/dsp.h **** /*
   2:../../DaisySP/Source/Utility/dsp.h **** Copyright (c) 2020 Electrosmith, Corp, Emilie Gillet
   3:../../DaisySP/Source/Utility/dsp.h **** 
   4:../../DaisySP/Source/Utility/dsp.h **** Use of this source code is governed by an MIT-style
   5:../../DaisySP/Source/Utility/dsp.h **** license that can be found in the LICENSE file or at
   6:../../DaisySP/Source/Utility/dsp.h **** https://opensource.org/licenses/MIT.
   7:../../DaisySP/Source/Utility/dsp.h **** */
   8:../../DaisySP/Source/Utility/dsp.h **** 
   9:../../DaisySP/Source/Utility/dsp.h **** /** Helpful defines, functions, and other utilities for use in/with daisysp modules.
  10:../../DaisySP/Source/Utility/dsp.h **** */
  11:../../DaisySP/Source/Utility/dsp.h **** #pragma once
  12:../../DaisySP/Source/Utility/dsp.h **** #ifndef DSY_CORE_DSP
  13:../../DaisySP/Source/Utility/dsp.h **** #define DSY_CORE_DSP
  14:../../DaisySP/Source/Utility/dsp.h **** #include <cassert>
  15:../../DaisySP/Source/Utility/dsp.h **** #include <cstdint>
  16:../../DaisySP/Source/Utility/dsp.h **** #include <random>
  17:../../DaisySP/Source/Utility/dsp.h **** #include <cmath>
  18:../../DaisySP/Source/Utility/dsp.h **** 
  19:../../DaisySP/Source/Utility/dsp.h **** /** PIs
  20:../../DaisySP/Source/Utility/dsp.h **** */
ARM GAS  /tmp/ccUSCM43.s 			page 14


  21:../../DaisySP/Source/Utility/dsp.h **** #define PI_F 3.1415927410125732421875f
  22:../../DaisySP/Source/Utility/dsp.h **** #define TWOPI_F (2.0f * PI_F)
  23:../../DaisySP/Source/Utility/dsp.h **** #define HALFPI_F (PI_F * 0.5f)
  24:../../DaisySP/Source/Utility/dsp.h **** #define DSY_MIN(in, mn) (in < mn ? in : mn)
  25:../../DaisySP/Source/Utility/dsp.h **** #define DSY_MAX(in, mx) (in > mx ? in : mx)
  26:../../DaisySP/Source/Utility/dsp.h **** #define DSY_CLAMP(in, mn, mx) (DSY_MIN(DSY_MAX(in, mn), mx))
  27:../../DaisySP/Source/Utility/dsp.h **** #define DSY_COUNTOF(_arr) (sizeof(_arr) / sizeof(_arr[0]))
  28:../../DaisySP/Source/Utility/dsp.h **** 
  29:../../DaisySP/Source/Utility/dsp.h **** namespace daisysp
  30:../../DaisySP/Source/Utility/dsp.h **** {
  31:../../DaisySP/Source/Utility/dsp.h **** //Avoids division for random floats. e.g. rand() * kRandFrac
  32:../../DaisySP/Source/Utility/dsp.h **** static constexpr float kRandFrac = 1.f / (float)RAND_MAX;
  33:../../DaisySP/Source/Utility/dsp.h **** 
  34:../../DaisySP/Source/Utility/dsp.h **** //Convert from semitones to other units. e.g. 2 ^ (kOneTwelfth * x)
  35:../../DaisySP/Source/Utility/dsp.h **** static constexpr float kOneTwelfth = 1.f / 12.f;
  36:../../DaisySP/Source/Utility/dsp.h **** 
  37:../../DaisySP/Source/Utility/dsp.h **** /** efficient floating point min/max
  38:../../DaisySP/Source/Utility/dsp.h **** c/o stephen mccaul
  39:../../DaisySP/Source/Utility/dsp.h **** */
  40:../../DaisySP/Source/Utility/dsp.h **** inline float fmax(float a, float b)
  41:../../DaisySP/Source/Utility/dsp.h **** {
  42:../../DaisySP/Source/Utility/dsp.h ****     float r;
  43:../../DaisySP/Source/Utility/dsp.h **** #ifdef __arm__
  44:../../DaisySP/Source/Utility/dsp.h ****     asm("vmaxnm.f32 %[d], %[n], %[m]" : [d] "=t"(r) : [n] "t"(a), [m] "t"(b) :);
  45:../../DaisySP/Source/Utility/dsp.h **** #else
  46:../../DaisySP/Source/Utility/dsp.h ****     r = (a > b) ? a : b;
  47:../../DaisySP/Source/Utility/dsp.h **** #endif // __arm__
  48:../../DaisySP/Source/Utility/dsp.h ****     return r;
  49:../../DaisySP/Source/Utility/dsp.h **** }
  50:../../DaisySP/Source/Utility/dsp.h **** 
  51:../../DaisySP/Source/Utility/dsp.h **** inline float fmin(float a, float b)
  52:../../DaisySP/Source/Utility/dsp.h **** {
  53:../../DaisySP/Source/Utility/dsp.h ****     float r;
  54:../../DaisySP/Source/Utility/dsp.h **** #ifdef __arm__
  55:../../DaisySP/Source/Utility/dsp.h ****     asm("vminnm.f32 %[d], %[n], %[m]" : [d] "=t"(r) : [n] "t"(a), [m] "t"(b) :);
  56:../../DaisySP/Source/Utility/dsp.h **** #else
  57:../../DaisySP/Source/Utility/dsp.h ****     r = (a < b) ? a : b;
  58:../../DaisySP/Source/Utility/dsp.h **** #endif // __arm__
  59:../../DaisySP/Source/Utility/dsp.h ****     return r;
  60:../../DaisySP/Source/Utility/dsp.h **** }
  61:../../DaisySP/Source/Utility/dsp.h **** 
  62:../../DaisySP/Source/Utility/dsp.h **** /** quick fp clamp
  63:../../DaisySP/Source/Utility/dsp.h **** */
  64:../../DaisySP/Source/Utility/dsp.h **** inline float fclamp(float in, float min, float max)
  65:../../DaisySP/Source/Utility/dsp.h **** {
  66:../../DaisySP/Source/Utility/dsp.h ****     return fmin(fmax(in, min), max);
  67:../../DaisySP/Source/Utility/dsp.h **** }
  68:../../DaisySP/Source/Utility/dsp.h **** 
  69:../../DaisySP/Source/Utility/dsp.h **** /** From Musicdsp.org "Fast power and root estimates for 32bit floats)
  70:../../DaisySP/Source/Utility/dsp.h **** Original code by Stefan Stenzel
  71:../../DaisySP/Source/Utility/dsp.h **** These are approximations
  72:../../DaisySP/Source/Utility/dsp.h **** */
  73:../../DaisySP/Source/Utility/dsp.h **** inline float fastpower(float f, int n)
  74:../../DaisySP/Source/Utility/dsp.h **** {
  75:../../DaisySP/Source/Utility/dsp.h ****     long *lp, l;
  76:../../DaisySP/Source/Utility/dsp.h ****     lp = (long *)(&f);
  77:../../DaisySP/Source/Utility/dsp.h ****     l  = *lp;
ARM GAS  /tmp/ccUSCM43.s 			page 15


  78:../../DaisySP/Source/Utility/dsp.h ****     l -= 0x3F800000;
  79:../../DaisySP/Source/Utility/dsp.h ****     l <<= (n - 1);
  80:../../DaisySP/Source/Utility/dsp.h ****     l += 0x3F800000;
  81:../../DaisySP/Source/Utility/dsp.h ****     *lp = l;
  82:../../DaisySP/Source/Utility/dsp.h ****     return f;
  83:../../DaisySP/Source/Utility/dsp.h **** }
  84:../../DaisySP/Source/Utility/dsp.h **** 
  85:../../DaisySP/Source/Utility/dsp.h **** inline float fastroot(float f, int n)
  86:../../DaisySP/Source/Utility/dsp.h **** {
  87:../../DaisySP/Source/Utility/dsp.h ****     long *lp, l;
  88:../../DaisySP/Source/Utility/dsp.h ****     lp = (long *)(&f);
  89:../../DaisySP/Source/Utility/dsp.h ****     l  = *lp;
  90:../../DaisySP/Source/Utility/dsp.h ****     l -= 0x3F800000;
  91:../../DaisySP/Source/Utility/dsp.h ****     l >>= (n - 1);
  92:../../DaisySP/Source/Utility/dsp.h ****     l += 0x3F800000;
  93:../../DaisySP/Source/Utility/dsp.h ****     *lp = l;
  94:../../DaisySP/Source/Utility/dsp.h ****     return f;
  95:../../DaisySP/Source/Utility/dsp.h **** }
  96:../../DaisySP/Source/Utility/dsp.h **** 
  97:../../DaisySP/Source/Utility/dsp.h **** /** Significantly more efficient than fmodf(x, 1.0f) for calculating
  98:../../DaisySP/Source/Utility/dsp.h ****  *  the decimal part of a floating point value.
  99:../../DaisySP/Source/Utility/dsp.h ****  */
 100:../../DaisySP/Source/Utility/dsp.h **** inline float fastmod1f(float x)
 101:../../DaisySP/Source/Utility/dsp.h **** {
 102:../../DaisySP/Source/Utility/dsp.h ****     return x - static_cast<int>(x);
 103:../../DaisySP/Source/Utility/dsp.h **** }
 104:../../DaisySP/Source/Utility/dsp.h **** 
 105:../../DaisySP/Source/Utility/dsp.h **** /** From http://openaudio.blogspot.com/2017/02/faster-log10-and-pow.html
 106:../../DaisySP/Source/Utility/dsp.h **** No approximation, pow10f(x) gives a 90% speed increase over powf(10.f, x)
 107:../../DaisySP/Source/Utility/dsp.h **** */
 108:../../DaisySP/Source/Utility/dsp.h **** inline float pow10f(float f)
 109:../../DaisySP/Source/Utility/dsp.h **** {
 110:../../DaisySP/Source/Utility/dsp.h ****     return expf(2.302585092994046f * f);
 111:../../DaisySP/Source/Utility/dsp.h **** }
 112:../../DaisySP/Source/Utility/dsp.h **** 
 113:../../DaisySP/Source/Utility/dsp.h **** /* Original code for fastlog2f by Dr. Paul Beckmann from the ARM community forum, adapted from the 
 114:../../DaisySP/Source/Utility/dsp.h **** About 25% performance increase over std::log10f
 115:../../DaisySP/Source/Utility/dsp.h **** */
 116:../../DaisySP/Source/Utility/dsp.h **** inline float fastlog2f(float f)
 117:../../DaisySP/Source/Utility/dsp.h **** {
 118:../../DaisySP/Source/Utility/dsp.h ****     float frac;
 119:../../DaisySP/Source/Utility/dsp.h ****     int   exp;
 120:../../DaisySP/Source/Utility/dsp.h ****     frac = frexpf(fabsf(f), &exp);
 121:../../DaisySP/Source/Utility/dsp.h ****     f    = 1.23149591368684f;
 122:../../DaisySP/Source/Utility/dsp.h ****     f *= frac;
 123:../../DaisySP/Source/Utility/dsp.h ****     f += -4.11852516267426f;
 124:../../DaisySP/Source/Utility/dsp.h ****     f *= frac;
 125:../../DaisySP/Source/Utility/dsp.h ****     f += 6.02197014179219f;
 126:../../DaisySP/Source/Utility/dsp.h ****     f *= frac;
 127:../../DaisySP/Source/Utility/dsp.h ****     f += -3.13396450166353f;
 128:../../DaisySP/Source/Utility/dsp.h ****     f += exp;
 129:../../DaisySP/Source/Utility/dsp.h ****     return (f);
 130:../../DaisySP/Source/Utility/dsp.h **** }
 131:../../DaisySP/Source/Utility/dsp.h **** 
 132:../../DaisySP/Source/Utility/dsp.h **** inline float fastlog10f(float f)
 133:../../DaisySP/Source/Utility/dsp.h **** {
 134:../../DaisySP/Source/Utility/dsp.h ****     return fastlog2f(f) * 0.3010299956639812f;
ARM GAS  /tmp/ccUSCM43.s 			page 16


 135:../../DaisySP/Source/Utility/dsp.h **** }
 136:../../DaisySP/Source/Utility/dsp.h **** 
 137:../../DaisySP/Source/Utility/dsp.h **** /** Midi to frequency helper
 138:../../DaisySP/Source/Utility/dsp.h **** */
 139:../../DaisySP/Source/Utility/dsp.h **** inline float mtof(float m)
 140:../../DaisySP/Source/Utility/dsp.h **** {
 141:../../DaisySP/Source/Utility/dsp.h ****     return powf(2, (m - 69.0f) / 12.0f) * 440.0f;
 492              		.loc 3 141 23 view .LVU139
 493 0004 9FED0F7A 		vldr.32	s14, .L22+4
 494              	.LBE48:
 495              	.LBE47:
 496              		.loc 1 78 31 view .LVU140
 497 0008 60EEA77A 		vmul.f32	s15, s1, s15
 498              	.LBB53:
 499              	.LBB49:
 500              		.loc 3 141 16 view .LVU141
 501 000c DFED0E6A 		vldr.32	s13, .L22+8
 502              		.loc 3 141 23 view .LVU142
 503 0010 30EE477A 		vsub.f32	s14, s0, s14
 504              		.loc 3 141 16 view .LVU143
 505 0014 B0EE000A 		vmov.f32	s0, #2.0e+0
 506              	.LVL31:
 507              		.loc 3 141 16 view .LVU144
 508              	.LBE49:
 509              	.LBE53:
  76:operator.cpp  ****     velocity_ = velocity;
 510              		.loc 1 76 1 view .LVU145
 511 0018 00B5     		push	{lr}
 512              		.cfi_def_cfa_offset 4
 513              		.cfi_offset 14, -4
 514 001a 83B0     		sub	sp, sp, #12
 515              		.cfi_def_cfa_offset 16
  77:operator.cpp  ****     velocity_amp_ = velocity_ / 127.f;
 516              		.loc 1 77 15 view .LVU146
 517 001c C0ED130A 		vstr.32	s1, [r0, #76]
 518              		.loc 1 78 5 is_stmt 1 view .LVU147
 519              		.loc 1 78 19 is_stmt 0 view .LVU148
 520 0020 C0ED147A 		vstr.32	s15, [r0, #80]
 521              	.LBB54:
 522              	.LBB50:
 523              		.loc 3 141 16 view .LVU149
 524 0024 67EE260A 		vmul.f32	s1, s14, s13
 525              	.LVL32:
 526              		.loc 3 141 16 view .LVU150
 527              	.LBE50:
 528              	.LBE54:
 529              		.loc 1 78 19 view .LVU151
 530 0028 0190     		str	r0, [sp, #4]
  79:operator.cpp  ****     freq_ = mtof(note);  /// The base frequency of the note is set here, modified by the ratio in t
 531              		.loc 1 79 5 is_stmt 1 view .LVU152
 532              	.LVL33:
 533              	.LBB55:
 534              	.LBI47:
 139:../../DaisySP/Source/Utility/dsp.h **** {
 535              		.loc 3 139 14 view .LVU153
 536              	.LBB51:
 537              		.loc 3 141 5 view .LVU154
ARM GAS  /tmp/ccUSCM43.s 			page 17


 538              		.loc 3 141 16 is_stmt 0 view .LVU155
 539 002a FFF7FEFF 		bl	powf
 540              	.LVL34:
 541              		.loc 3 141 43 discriminator 1 view .LVU156
 542 002e DFED077A 		vldr.32	s15, .L22+12
 543              	.LBE51:
 544              	.LBE55:
 545              		.loc 1 79 11 discriminator 1 view .LVU157
 546 0032 0198     		ldr	r0, [sp, #4]
 547              	.LBB56:
 548              	.LBB52:
 549              		.loc 3 141 43 discriminator 1 view .LVU158
 550 0034 20EE270A 		vmul.f32	s0, s0, s15
 551              	.LBE52:
 552              	.LBE56:
 553              		.loc 1 79 11 discriminator 1 view .LVU159
 554 0038 80ED0D0A 		vstr.32	s0, [r0, #52]
  80:operator.cpp  **** }
 555              		.loc 1 80 1 view .LVU160
 556 003c 03B0     		add	sp, sp, #12
 557              		.cfi_def_cfa_offset 4
 558              		@ sp needed
 559 003e 00BD     		pop	{pc}
 560              	.LVL35:
 561              	.L23:
 562              		.loc 1 80 1 view .LVU161
 563              		.align	2
 564              	.L22:
 565 0040 0402013C 		.word	1006699012
 566 0044 00008A42 		.word	1116340224
 567 0048 ABAAAA3D 		.word	1034594987
 568 004c 0000DC43 		.word	1138491392
 569              		.cfi_endproc
 570              	.LFE4890:
 572              		.text
 573              	.Letext0:
 574              		.file 4 "/usr/arm-none-eabi/include/machine/_default_types.h"
 575              		.file 5 "/usr/arm-none-eabi/include/sys/_stdint.h"
 576              		.file 6 "/usr/arm-none-eabi/include/stdint.h"
 577              		.file 7 "/usr/lib/gcc/arm-none-eabi/15.2.0/include/stddef.h"
 578              		.file 8 "/usr/arm-none-eabi/include/c++/15.2.0/type_traits"
 579              		.file 9 "/usr/arm-none-eabi/include/c++/15.2.0/cmath"
 580              		.file 10 "/usr/arm-none-eabi/include/c++/15.2.0/concepts"
 581              		.file 11 "/usr/arm-none-eabi/include/c++/15.2.0/bits/iterator_concepts.h"
 582              		.file 12 "/usr/arm-none-eabi/include/c++/15.2.0/bits/utility.h"
 583              		.file 13 "/usr/arm-none-eabi/include/c++/15.2.0/compare"
 584              		.file 14 "/usr/arm-none-eabi/include/c++/15.2.0/debug/debug.h"
 585              		.file 15 "/usr/arm-none-eabi/include/c++/15.2.0/bits/std_abs.h"
 586              		.file 16 "/usr/arm-none-eabi/include/c++/15.2.0/cstdint"
 587              		.file 17 "/usr/arm-none-eabi/include/c++/15.2.0/cstdlib"
 588              		.file 18 "/usr/arm-none-eabi/include/c++/15.2.0/cwchar"
 589              		.file 19 "/usr/arm-none-eabi/include/c++/15.2.0/clocale"
 590              		.file 20 "/usr/arm-none-eabi/include/c++/15.2.0/numbers"
 591              		.file 21 "/usr/arm-none-eabi/include/c++/15.2.0/cstdio"
 592              		.file 22 "/usr/arm-none-eabi/include/c++/15.2.0/arm-none-eabi/thumb/v7e-m+dp/hard/bits/c++config.h
 593              		.file 23 "/usr/arm-none-eabi/include/c++/15.2.0/cstddef"
 594              		.file 24 "/usr/arm-none-eabi/include/c++/15.2.0/cstring"
ARM GAS  /tmp/ccUSCM43.s 			page 18


 595              		.file 25 "/usr/arm-none-eabi/include/c++/15.2.0/bits/predefined_ops.h"
 596              		.file 26 "/usr/arm-none-eabi/include/sys/_types.h"
 597              		.file 27 "/usr/arm-none-eabi/include/sys/reent.h"
 598              		.file 28 "/usr/arm-none-eabi/include/sys/lock.h"
 599              		.file 29 "/usr/arm-none-eabi/include/math.h"
 600              		.file 30 "/usr/arm-none-eabi/include/stdlib.h"
 601              		.file 31 "/usr/arm-none-eabi/include/c++/15.2.0/bits/ptr_traits.h"
 602              		.file 32 "/usr/arm-none-eabi/include/c++/15.2.0/math.h"
 603              		.file 33 "../../DaisySP/Source/Control/adenv.h"
 604              		.file 34 "/usr/lib/gcc/arm-none-eabi/15.2.0/include/stdarg.h"
 605              		.file 35 "/usr/arm-none-eabi/include/wchar.h"
 606              		.file 36 "/usr/arm-none-eabi/include/locale.h"
 607              		.file 37 "/usr/arm-none-eabi/include/stdio.h"
 608              		.file 38 "/usr/arm-none-eabi/include/c++/15.2.0/pstl/execution_defs.h"
 609              		.file 39 "/usr/arm-none-eabi/include/c++/15.2.0/stdlib.h"
 610              		.file 40 "/usr/arm-none-eabi/include/string.h"
 611              		.file 41 "operator.h"
 612              		.file 42 "/usr/arm-none-eabi/include/c++/15.2.0/bits/memory_resource.h"
 613              		.file 43 "<built-in>"
ARM GAS  /tmp/ccUSCM43.s 			page 19


DEFINED SYMBOLS
                            *ABS*:00000000 operator.cpp
     /tmp/ccUSCM43.s:18     .text._ZN8Operator4InitEfb:00000000 $t
     /tmp/ccUSCM43.s:25     .text._ZN8Operator4InitEfb:00000000 _ZN8Operator4InitEfb
     /tmp/ccUSCM43.s:189    .text._ZN8Operator4InitEfb:00000078 $d
     /tmp/ccUSCM43.s:195    .text._ZN8Operator7ProcessEv:00000000 $t
     /tmp/ccUSCM43.s:202    .text._ZN8Operator7ProcessEv:00000000 _ZN8Operator7ProcessEv
     /tmp/ccUSCM43.s:333    .text._ZN8Operator12SetFrequencyEf:00000000 $t
     /tmp/ccUSCM43.s:340    .text._ZN8Operator12SetFrequencyEf:00000000 _ZN8Operator12SetFrequencyEf
     /tmp/ccUSCM43.s:360    .text._ZN8Operator8SetRatioEf:00000000 $t
     /tmp/ccUSCM43.s:367    .text._ZN8Operator8SetRatioEf:00000000 _ZN8Operator8SetRatioEf
     /tmp/ccUSCM43.s:387    .text._ZN8Operator8SetLevelEf:00000000 $t
     /tmp/ccUSCM43.s:394    .text._ZN8Operator8SetLevelEf:00000000 _ZN8Operator8SetLevelEf
     /tmp/ccUSCM43.s:414    .text._ZN8Operator13setPhaseInputEf:00000000 $t
     /tmp/ccUSCM43.s:421    .text._ZN8Operator13setPhaseInputEf:00000000 _ZN8Operator13setPhaseInputEf
     /tmp/ccUSCM43.s:438    .text._ZN8Operator5ResetEv:00000000 $t
     /tmp/ccUSCM43.s:445    .text._ZN8Operator5ResetEv:00000000 _ZN8Operator5ResetEv
     /tmp/ccUSCM43.s:472    .text._ZN8Operator8OnNoteOnEff:00000000 $t
     /tmp/ccUSCM43.s:479    .text._ZN8Operator8OnNoteOnEff:00000000 _ZN8Operator8OnNoteOnEff
     /tmp/ccUSCM43.s:565    .text._ZN8Operator8OnNoteOnEff:00000040 $d

UNDEFINED SYMBOLS
_ZN7daisysp10Oscillator12CalcPhaseIncEf
_ZN7daisysp10Oscillator7ProcessEv
powf
