ARM GAS  /tmp/ccLBt8kD.s 			page 1


   1              		.cpu cortex-m7
   2              		.arch armv7e-m
   3              		.fpu fpv5-d16
   4              		.eabi_attribute 28, 1
   5              		.eabi_attribute 20, 1
   6              		.eabi_attribute 21, 1
   7              		.eabi_attribute 23, 3
   8              		.eabi_attribute 24, 1
   9              		.eabi_attribute 25, 1
  10              		.eabi_attribute 26, 1
  11              		.eabi_attribute 30, 2
  12              		.eabi_attribute 34, 1
  13              		.eabi_attribute 18, 4
  14              		.file	"InterpDelay.cpp"
  15              		.text
  16              	.Ltext0:
  17              		.cfi_sections	.debug_frame
  18              		.file 1 "Dattorro/dsp/delays/InterpDelay.cpp"
  19              		.global	hold
  20              		.section	.data.hold,"aw"
  21              		.align	2
  24              	hold:
  25 0000 0000803F 		.word	1065353216
  26              		.global	clearPopCancelValue
  27              		.section	.data.clearPopCancelValue,"aw"
  28              		.align	2
  31              	clearPopCancelValue:
  32 0000 0000803F 		.word	1065353216
  33              		.global	triggerClear
  34              		.section	.bss.triggerClear,"aw",%nobits
  37              	triggerClear:
  38 0000 00       		.space	1
  39              		.global	count
  40              		.section	.bss.count,"aw",%nobits
  41              		.align	2
  44              	count:
  45 0000 00000000 		.space	4
  46              		.global	sdramData
  47              		.section	.sdram_bss,"aw"
  48              		.align	2
  51              	sdramData:
  52 0000 00000000 		.space	1924000
  52      00000000 
  52      00000000 
  52      00000000 
  52      00000000 
  53              		.text
  54              	.Letext0:
  55              		.file 2 "/usr/arm-none-eabi/include/machine/_default_types.h"
  56              		.file 3 "/usr/arm-none-eabi/include/sys/_stdint.h"
  57              		.file 4 "/usr/arm-none-eabi/include/stdint.h"
  58              		.file 5 "/usr/lib/gcc/arm-none-eabi/15.2.0/include/stddef.h"
  59              		.file 6 "/usr/arm-none-eabi/include/c++/15.2.0/type_traits"
  60              		.file 7 "/usr/arm-none-eabi/include/c++/15.2.0/cmath"
  61              		.file 8 "/usr/arm-none-eabi/include/c++/15.2.0/concepts"
  62              		.file 9 "/usr/arm-none-eabi/include/c++/15.2.0/bits/iterator_concepts.h"
  63              		.file 10 "/usr/arm-none-eabi/include/c++/15.2.0/bits/utility.h"
ARM GAS  /tmp/ccLBt8kD.s 			page 2


  64              		.file 11 "/usr/arm-none-eabi/include/c++/15.2.0/compare"
  65              		.file 12 "/usr/arm-none-eabi/include/c++/15.2.0/debug/debug.h"
  66              		.file 13 "/usr/arm-none-eabi/include/c++/15.2.0/bits/std_abs.h"
  67              		.file 14 "/usr/arm-none-eabi/include/c++/15.2.0/numbers"
  68              		.file 15 "/usr/arm-none-eabi/include/c++/15.2.0/cstddef"
  69              		.file 16 "/usr/arm-none-eabi/include/c++/15.2.0/cstdint"
  70              		.file 17 "/usr/arm-none-eabi/include/c++/15.2.0/cstdlib"
  71              		.file 18 "/usr/arm-none-eabi/include/c++/15.2.0/cstdarg"
  72              		.file 19 "/usr/arm-none-eabi/include/c++/15.2.0/cstdio"
  73              		.file 20 "/usr/arm-none-eabi/include/c++/15.2.0/cstring"
  74              		.file 21 "/usr/arm-none-eabi/include/c++/15.2.0/cwchar"
  75              		.file 22 "/usr/arm-none-eabi/include/c++/15.2.0/arm-none-eabi/thumb/v7e-m+dp/hard/bits/c++config.h
  76              		.file 23 "/usr/arm-none-eabi/include/c++/15.2.0/bits/predefined_ops.h"
  77              		.file 24 "/usr/arm-none-eabi/include/sys/_types.h"
  78              		.file 25 "/usr/arm-none-eabi/include/sys/reent.h"
  79              		.file 26 "/usr/arm-none-eabi/include/sys/lock.h"
  80              		.file 27 "/usr/arm-none-eabi/include/math.h"
  81              		.file 28 "/usr/arm-none-eabi/include/stdlib.h"
  82              		.file 29 "/usr/arm-none-eabi/include/c++/15.2.0/bits/ptr_traits.h"
  83              		.file 30 "/usr/arm-none-eabi/include/c++/15.2.0/math.h"
  84              		.file 31 "/usr/arm-none-eabi/include/c++/15.2.0/stdlib.h"
  85              		.file 32 "../../libDaisy/src/daisy_core.h"
  86              		.file 33 "../../libDaisy/src/util/wav_format.h"
  87              		.file 34 "../../libDaisy/src/dev/max11300.h"
  88              		.file 35 "../../libDaisy/src/daisy_seed.h"
  89              		.file 36 "/usr/arm-none-eabi/include/c++/15.2.0/pstl/execution_defs.h"
  90              		.file 37 "/usr/lib/gcc/arm-none-eabi/15.2.0/include/stdarg.h"
  91              		.file 38 "/usr/arm-none-eabi/include/stdio.h"
  92              		.file 39 "/usr/arm-none-eabi/include/string.h"
  93              		.file 40 "/usr/arm-none-eabi/include/wchar.h"
  94              		.file 41 "Dattorro/dsp/delays/InterpDelay.hpp"
  95              		.file 42 "/usr/arm-none-eabi/include/c++/15.2.0/bits/memory_resource.h"
  96              		.file 43 "<built-in>"
  97              		.file 44 "../../libDaisy/src/dev/sr_595.h"
ARM GAS  /tmp/ccLBt8kD.s 			page 3


DEFINED SYMBOLS
                            *ABS*:00000000 InterpDelay.cpp
     /tmp/ccLBt8kD.s:24     .data.hold:00000000 hold
     /tmp/ccLBt8kD.s:21     .data.hold:00000000 $d
     /tmp/ccLBt8kD.s:31     .data.clearPopCancelValue:00000000 clearPopCancelValue
     /tmp/ccLBt8kD.s:28     .data.clearPopCancelValue:00000000 $d
     /tmp/ccLBt8kD.s:37     .bss.triggerClear:00000000 triggerClear
     /tmp/ccLBt8kD.s:38     .bss.triggerClear:00000000 $d
     /tmp/ccLBt8kD.s:44     .bss.count:00000000 count
     /tmp/ccLBt8kD.s:41     .bss.count:00000000 $d
     /tmp/ccLBt8kD.s:51     .sdram_bss:00000000 sdramData
     /tmp/ccLBt8kD.s:48     .sdram_bss:00000000 $d

NO UNDEFINED SYMBOLS
